NO_CDS: PV883047
NO_CDS: PV626348
NO_CDS: PV626350
NO_CDS: PV626351
NO_CDS: PV626352
NO_CDS: PV626361
NO_CDS: PV626364
NO_CDS: PV626369
NO_CDS: PV626370
NO_CDS: PV626371
NO_CDS: PV626375
NO_CDS: PV626376
NO_CDS: PV626378
NO_CDS: PV626380
NO_CDS: PV626381
NO_CDS: PV626382
NO_CDS: PV626383
NO_CDS: PV626386
NO_CDS: PV626387
NO_CDS: PV626389
NO_CDS: PV626391
NO_CDS: PV626394
NO_CDS: PV626395
NO_CDS: PV626397
NO_CDS: PV626398
NO_CDS: PV626399
NO_CDS: PV626400
NO_CDS: PV626401
NO_CDS: PV626404
NO_CDS: PV626405
NO_CDS: PV626406
NO_CDS: PP488512
NO_CDS: OR951160
NO_CDS: OR951170
NO_CDS: OR951171
NO_CDS: ON811738
NO_CDS: OP474161
NO_CDS: MT799514
NO_CDS: MT799515
NO_CDS: MT799516
NO_CDS: MT799519
NO_CDS: MT799520
NO_CDS: LY723124
NO_CDS: LY723125
NO_CDS: MD231755
NO_CDS: MD231756
NO_CDS: MN399381
NO_CDS: MA795255
NO_CDS: MG655308
NO_CDS: MF166858
NO_CDS: MS946453
NO_CDS: LQ067545
NO_CDS: HW614280
NO_CDS: DI400982
NO_CDS: HV932180
NO_CDS: JA693668
NO_CDS: JA672670
NO_CDS: HV202174
NO_CDS: HV302650
NO_CDS: HI516623
NO_CDS: HC025131
NO_CDS: DM056973
NO_CDS: BD366421
NO_CDS: DD122170
NO_CDS: CS114709
NO_CDS: AX741975
NO_CDS: E01149
NO_CDS: A47690
NO_CDS: L49347
